#-----------------------------------------------------------
# Vivado v2020.2 (64-bit)
# SW Build 3064766 on Wed Nov 18 09:12:45 MST 2020
# IP Build 3064653 on Wed Nov 18 14:17:31 MST 2020
# Start of session at: Wed Mar 30 21:40:15 2022
# Process ID: 36212
# Current directory: D:/desktop/COD_Labs/Lab2/Lab2_Q4_2
# Command line: vivado.exe -gui_launcher_event rodinguilauncherevent28384 D:\desktop\COD_Labs\Lab2\Lab2_Q4_2\Lab2_Q3.xpr
# Log file: D:/desktop/COD_Labs/Lab2/Lab2_Q4_2/vivado.log
# Journal file: D:/desktop/COD_Labs/Lab2/Lab2_Q4_2\vivado.jou
#-----------------------------------------------------------
start_gui
open_project D:/desktop/COD_Labs/Lab2/Lab2_Q4_2/Lab2_Q3.xpr
Scanning sources...
Finished scanning sources
INFO: [IP_Flow 19-234] Refreshing IP repositories
INFO: [IP_Flow 19-1704] No user IP repositories specified
INFO: [IP_Flow 19-2313] Loaded Vivado IP repository 'D:/Vivado/Vivado/2020.2/data/ip'.
open_project: Time (s): cpu = 00:00:24 ; elapsed = 00:00:08 . Memory (MB): peak = 1017.242 ; gain = 0.000
update_compile_order -fileset sources_1
exit
INFO: [Common 17-206] Exiting Vivado at Wed Mar 30 21:49:37 2022...
