
*** Running vivado
    with args -log RegFile.vds -m64 -product Vivado -mode batch -messageDb vivado.pb -notrace -source RegFile.tcl



****** Vivado v2020.2 (64-bit)
  **** SW Build 3064766 on Wed Nov 18 09:12:45 MST 2020
  **** IP Build 3064653 on Wed Nov 18 14:17:31 MST 2020
    ** Copyright 1986-2020 Xilinx, Inc. All Rights Reserved.

source RegFile.tcl -notrace
Command: synth_design -top RegFile -part xc7a100tcsg324-1
Starting synth_design
Attempting to get a license for feature 'Synthesis' and/or device 'xc7a100t'
INFO: [Common 17-349] Got license for feature 'Synthesis' and/or device 'xc7a100t'
INFO: [Device 21-403] Loading part xc7a100tcsg324-1
INFO: [Synth 8-7079] Multithreading enabled for synth_design using a maximum of 2 processes.
INFO: [Synth 8-7078] Launching helper process for spawning children vivado processes
INFO: [Synth 8-7075] Helper process launched with PID 34540
WARNING: [Synth 8-6901] identifier 'flag' is used before its declaration [D:/desktop/COD_Labs/Lab2/Lab2_Q3/Lab2_Q3.srcs/sources_1/new/RegFile.v:126]
---------------------------------------------------------------------------------
Starting RTL Elaboration : Time (s): cpu = 00:00:04 ; elapsed = 00:00:04 . Memory (MB): peak = 1016.980 ; gain = 0.000
---------------------------------------------------------------------------------
INFO: [Synth 8-6157] synthesizing module 'RegFile' [D:/desktop/COD_Labs/Lab2/Lab2_Q3/Lab2_Q3.srcs/sources_1/new/RegFile.v:23]
	Parameter s0 bound to: 3'b000 
	Parameter s1 bound to: 3'b001 
	Parameter s2 bound to: 3'b010 
	Parameter d0 bound to: 3'b011 
	Parameter d1 bound to: 3'b100 
	Parameter d2 bound to: 3'b101 
	Parameter d3 bound to: 3'b110 
	Parameter s4 bound to: 3'b111 
INFO: [Synth 8-6157] synthesizing module 'jitter_clr' [D:/desktop/COD_Labs/Lab2/Lab2_Q3/Lab2_Q3.srcs/sources_1/new/jitter_clr.v:2]
INFO: [Synth 8-6155] done synthesizing module 'jitter_clr' (1#1) [D:/desktop/COD_Labs/Lab2/Lab2_Q3/Lab2_Q3.srcs/sources_1/new/jitter_clr.v:2]
INFO: [Synth 8-6157] synthesizing module 'buttonedge' [D:/desktop/COD_Labs/Lab2/Lab2_Q3/Lab2_Q3.srcs/sources_1/new/button_edge_2.v:2]
INFO: [Synth 8-6155] done synthesizing module 'buttonedge' (2#1) [D:/desktop/COD_Labs/Lab2/Lab2_Q3/Lab2_Q3.srcs/sources_1/new/button_edge_2.v:2]
INFO: [Synth 8-6157] synthesizing module 'signal_edge' [D:/desktop/COD_Labs/Lab2/Lab2_Q3/Lab2_Q3.srcs/sources_1/new/button_edge.v:2]
INFO: [Synth 8-6155] done synthesizing module 'signal_edge' (3#1) [D:/desktop/COD_Labs/Lab2/Lab2_Q3/Lab2_Q3.srcs/sources_1/new/button_edge.v:2]
INFO: [Synth 8-6157] synthesizing module 'dist_mem_gen_0' [D:/desktop/COD_Labs/Lab2/Lab2_Q3/Lab2_Q3.runs/synth_1/.Xil/Vivado-30040-LAPTOP-FR2OG12K/realtime/dist_mem_gen_0_stub.v:6]
INFO: [Synth 8-6155] done synthesizing module 'dist_mem_gen_0' (4#1) [D:/desktop/COD_Labs/Lab2/Lab2_Q3/Lab2_Q3.runs/synth_1/.Xil/Vivado-30040-LAPTOP-FR2OG12K/realtime/dist_mem_gen_0_stub.v:6]
INFO: [Synth 8-6157] synthesizing module 'Hex' [D:/desktop/COD_Labs/Lab2/Lab2_Q3/Lab2_Q3.srcs/sources_1/new/HexPlay.v:23]
	Parameter _0 bound to: 8'b11000000 
	Parameter _1 bound to: 8'b11111001 
	Parameter _2 bound to: 8'b10100100 
	Parameter _3 bound to: 8'b10110000 
	Parameter _4 bound to: 8'b10011001 
	Parameter _5 bound to: 8'b10010010 
	Parameter _6 bound to: 8'b10000010 
	Parameter _7 bound to: 8'b11111000 
	Parameter _8 bound to: 8'b10000000 
	Parameter _9 bound to: 8'b10010000 
	Parameter _A bound to: 8'b10001000 
	Parameter _B bound to: 8'b10000011 
	Parameter _C bound to: 8'b11000110 
	Parameter _D bound to: 8'b10100001 
	Parameter _E bound to: 8'b10000110 
	Parameter _F bound to: 8'b10001110 
INFO: [Synth 8-6155] done synthesizing module 'Hex' (5#1) [D:/desktop/COD_Labs/Lab2/Lab2_Q3/Lab2_Q3.srcs/sources_1/new/HexPlay.v:23]
INFO: [Synth 8-6155] done synthesizing module 'RegFile' (6#1) [D:/desktop/COD_Labs/Lab2/Lab2_Q3/Lab2_Q3.srcs/sources_1/new/RegFile.v:23]
---------------------------------------------------------------------------------
Finished RTL Elaboration : Time (s): cpu = 00:00:04 ; elapsed = 00:00:04 . Memory (MB): peak = 1016.980 ; gain = 0.000
---------------------------------------------------------------------------------
---------------------------------------------------------------------------------
Start Handling Custom Attributes
---------------------------------------------------------------------------------
---------------------------------------------------------------------------------
Finished Handling Custom Attributes : Time (s): cpu = 00:00:05 ; elapsed = 00:00:05 . Memory (MB): peak = 1016.980 ; gain = 0.000
---------------------------------------------------------------------------------
---------------------------------------------------------------------------------
Finished RTL Optimization Phase 1 : Time (s): cpu = 00:00:05 ; elapsed = 00:00:05 . Memory (MB): peak = 1016.980 ; gain = 0.000
---------------------------------------------------------------------------------
Netlist sorting complete. Time (s): cpu = 00:00:00 ; elapsed = 00:00:00.004 . Memory (MB): peak = 1016.980 ; gain = 0.000
INFO: [Project 1-570] Preparing netlist for logic optimization

Processing XDC Constraints
Initializing timing engine
Parsing XDC File [d:/desktop/COD_Labs/Lab2/Lab2_Q3/Lab2_Q3.gen/sources_1/ip/dist_mem_gen_0/dist_mem_gen_0/dist_mem_gen_0_in_context.xdc] for cell 'dist_mem_gen_0'
Finished Parsing XDC File [d:/desktop/COD_Labs/Lab2/Lab2_Q3/Lab2_Q3.gen/sources_1/ip/dist_mem_gen_0/dist_mem_gen_0/dist_mem_gen_0_in_context.xdc] for cell 'dist_mem_gen_0'
Parsing XDC File [D:/desktop/COD_Labs/Lab2/Lab2_Q3/Lab2_Q3.srcs/constrs_1/new/Q3_xdc.xdc]
Finished Parsing XDC File [D:/desktop/COD_Labs/Lab2/Lab2_Q3/Lab2_Q3.srcs/constrs_1/new/Q3_xdc.xdc]
INFO: [Project 1-236] Implementation specific constraints were found while reading constraint file [D:/desktop/COD_Labs/Lab2/Lab2_Q3/Lab2_Q3.srcs/constrs_1/new/Q3_xdc.xdc]. These constraints will be ignored for synthesis but will be used in implementation. Impacted constraints are listed in the file [.Xil/RegFile_propImpl.xdc].
Resolution: To avoid this warning, move constraints listed in [.Xil/RegFile_propImpl.xdc] to another XDC file and exclude this new file from synthesis with the used_in_synthesis property (File Properties dialog in GUI) and re-run elaboration/synthesis.
Completed Processing XDC Constraints

Netlist sorting complete. Time (s): cpu = 00:00:00 ; elapsed = 00:00:00 . Memory (MB): peak = 1069.941 ; gain = 0.000
INFO: [Project 1-111] Unisim Transformation Summary:
No Unisim elements were transformed.

Constraint Validation Runtime : Time (s): cpu = 00:00:00 ; elapsed = 00:00:00.006 . Memory (MB): peak = 1069.941 ; gain = 0.000
---------------------------------------------------------------------------------
Finished Constraint Validation : Time (s): cpu = 00:00:10 ; elapsed = 00:00:10 . Memory (MB): peak = 1069.941 ; gain = 52.961
---------------------------------------------------------------------------------
---------------------------------------------------------------------------------
Start Loading Part and Timing Information
---------------------------------------------------------------------------------
Loading part: xc7a100tcsg324-1
---------------------------------------------------------------------------------
Finished Loading Part and Timing Information : Time (s): cpu = 00:00:10 ; elapsed = 00:00:10 . Memory (MB): peak = 1069.941 ; gain = 52.961
---------------------------------------------------------------------------------
---------------------------------------------------------------------------------
Start Applying 'set_property' XDC Constraints
---------------------------------------------------------------------------------
Applied set_property KEEP_HIERARCHY = SOFT for dist_mem_gen_0. (constraint file  auto generated constraint).
---------------------------------------------------------------------------------
Finished applying 'set_property' XDC Constraints : Time (s): cpu = 00:00:10 ; elapsed = 00:00:10 . Memory (MB): peak = 1069.941 ; gain = 52.961
---------------------------------------------------------------------------------
---------------------------------------------------------------------------------
Finished RTL Optimization Phase 2 : Time (s): cpu = 00:00:10 ; elapsed = 00:00:10 . Memory (MB): peak = 1069.941 ; gain = 52.961
---------------------------------------------------------------------------------
---------------------------------------------------------------------------------
Start RTL Component Statistics 
---------------------------------------------------------------------------------
Detailed RTL Component Info : 
+---Adders : 
	   2 Input   16 Bit       Adders := 1     
	   2 Input    8 Bit       Adders := 3     
	   2 Input    5 Bit       Adders := 6     
+---XORs : 
	   2 Input     16 Bit         XORs := 1     
+---Registers : 
	               16 Bit    Registers := 6     
	                8 Bit    Registers := 3     
	                5 Bit    Registers := 6     
	                4 Bit    Registers := 1     
	                3 Bit    Registers := 1     
	                1 Bit    Registers := 17    
+---Muxes : 
	   2 Input   16 Bit        Muxes := 3     
	   8 Input   16 Bit        Muxes := 1     
	   2 Input   12 Bit        Muxes := 1     
	   8 Input    8 Bit        Muxes := 4     
	   2 Input    8 Bit        Muxes := 4     
	  17 Input    4 Bit        Muxes := 1     
	   9 Input    3 Bit        Muxes := 1     
	   3 Input    2 Bit        Muxes := 1     
	  17 Input    1 Bit        Muxes := 1     
	   8 Input    1 Bit        Muxes := 13    
	   2 Input    1 Bit        Muxes := 8     
	   5 Input    1 Bit        Muxes := 1     
---------------------------------------------------------------------------------
Finished RTL Component Statistics 
---------------------------------------------------------------------------------
---------------------------------------------------------------------------------
Start Part Resource Summary
---------------------------------------------------------------------------------
Part Resources:
DSPs: 240 (col length:80)
BRAMs: 270 (col length: RAMB18 80 RAMB36 40)
---------------------------------------------------------------------------------
Finished Part Resource Summary
---------------------------------------------------------------------------------
---------------------------------------------------------------------------------
Start Cross Boundary and Area Optimization
---------------------------------------------------------------------------------
---------------------------------------------------------------------------------
Finished Cross Boundary and Area Optimization : Time (s): cpu = 00:00:17 ; elapsed = 00:00:18 . Memory (MB): peak = 1069.941 ; gain = 52.961
---------------------------------------------------------------------------------
---------------------------------------------------------------------------------
Start Applying XDC Timing Constraints
---------------------------------------------------------------------------------
---------------------------------------------------------------------------------
Finished Applying XDC Timing Constraints : Time (s): cpu = 00:00:30 ; elapsed = 00:00:31 . Memory (MB): peak = 1069.941 ; gain = 52.961
---------------------------------------------------------------------------------
---------------------------------------------------------------------------------
Start Timing Optimization
---------------------------------------------------------------------------------
---------------------------------------------------------------------------------
Finished Timing Optimization : Time (s): cpu = 00:00:31 ; elapsed = 00:00:31 . Memory (MB): peak = 1069.941 ; gain = 52.961
---------------------------------------------------------------------------------
---------------------------------------------------------------------------------
Start Technology Mapping
---------------------------------------------------------------------------------
---------------------------------------------------------------------------------
Finished Technology Mapping : Time (s): cpu = 00:00:31 ; elapsed = 00:00:31 . Memory (MB): peak = 1080.086 ; gain = 63.105
---------------------------------------------------------------------------------
---------------------------------------------------------------------------------
Start IO Insertion
---------------------------------------------------------------------------------
---------------------------------------------------------------------------------
Start Flattening Before IO Insertion
---------------------------------------------------------------------------------
---------------------------------------------------------------------------------
Finished Flattening Before IO Insertion
---------------------------------------------------------------------------------
---------------------------------------------------------------------------------
Start Final Netlist Cleanup
---------------------------------------------------------------------------------
---------------------------------------------------------------------------------
Finished Final Netlist Cleanup
---------------------------------------------------------------------------------
---------------------------------------------------------------------------------
Finished IO Insertion : Time (s): cpu = 00:00:38 ; elapsed = 00:00:39 . Memory (MB): peak = 1089.469 ; gain = 72.488
---------------------------------------------------------------------------------
---------------------------------------------------------------------------------
Start Renaming Generated Instances
---------------------------------------------------------------------------------
---------------------------------------------------------------------------------
Finished Renaming Generated Instances : Time (s): cpu = 00:00:38 ; elapsed = 00:00:39 . Memory (MB): peak = 1089.469 ; gain = 72.488
---------------------------------------------------------------------------------
---------------------------------------------------------------------------------
Start Rebuilding User Hierarchy
---------------------------------------------------------------------------------
---------------------------------------------------------------------------------
Finished Rebuilding User Hierarchy : Time (s): cpu = 00:00:38 ; elapsed = 00:00:39 . Memory (MB): peak = 1089.469 ; gain = 72.488
---------------------------------------------------------------------------------
---------------------------------------------------------------------------------
Start Renaming Generated Ports
---------------------------------------------------------------------------------
---------------------------------------------------------------------------------
Finished Renaming Generated Ports : Time (s): cpu = 00:00:38 ; elapsed = 00:00:39 . Memory (MB): peak = 1089.469 ; gain = 72.488
---------------------------------------------------------------------------------
---------------------------------------------------------------------------------
Start Handling Custom Attributes
---------------------------------------------------------------------------------
---------------------------------------------------------------------------------
Finished Handling Custom Attributes : Time (s): cpu = 00:00:38 ; elapsed = 00:00:39 . Memory (MB): peak = 1089.469 ; gain = 72.488
---------------------------------------------------------------------------------
---------------------------------------------------------------------------------
Start Renaming Generated Nets
---------------------------------------------------------------------------------
---------------------------------------------------------------------------------
Finished Renaming Generated Nets : Time (s): cpu = 00:00:38 ; elapsed = 00:00:39 . Memory (MB): peak = 1089.469 ; gain = 72.488
---------------------------------------------------------------------------------
---------------------------------------------------------------------------------
Start Writing Synthesis Report
---------------------------------------------------------------------------------

Report BlackBoxes: 
+------+---------------+----------+
|      |BlackBox name  |Instances |
+------+---------------+----------+
|1     |dist_mem_gen_0 |         1|
+------+---------------+----------+

Report Cell Usage: 
+------+-------------+------+
|      |Cell         |Count |
+------+-------------+------+
|1     |dist_mem_gen |     1|
|2     |BUFG         |     1|
|3     |CARRY4       |    11|
|4     |LUT1         |    18|
|5     |LUT2         |    30|
|6     |LUT3         |    43|
|7     |LUT4         |    67|
|8     |LUT5         |    36|
|9     |LUT6         |    92|
|10    |FDCE         |   116|
|11    |FDRE         |    77|
|12    |FDSE         |     1|
|13    |IBUF         |    23|
|14    |OBUF         |    34|
+------+-------------+------+
---------------------------------------------------------------------------------
Finished Writing Synthesis Report : Time (s): cpu = 00:00:38 ; elapsed = 00:00:39 . Memory (MB): peak = 1089.469 ; gain = 72.488
---------------------------------------------------------------------------------
Synthesis finished with 0 errors, 0 critical warnings and 0 warnings.
Synthesis Optimization Runtime : Time (s): cpu = 00:00:33 ; elapsed = 00:00:38 . Memory (MB): peak = 1089.469 ; gain = 19.527
Synthesis Optimization Complete : Time (s): cpu = 00:00:39 ; elapsed = 00:00:39 . Memory (MB): peak = 1089.469 ; gain = 72.488
INFO: [Project 1-571] Translating synthesized netlist
Netlist sorting complete. Time (s): cpu = 00:00:00 ; elapsed = 00:00:00.010 . Memory (MB): peak = 1101.539 ; gain = 0.000
INFO: [Netlist 29-17] Analyzing 11 Unisim elements for replacement
INFO: [Netlist 29-28] Unisim Transformation completed in 0 CPU seconds
INFO: [Project 1-570] Preparing netlist for logic optimization
INFO: [Opt 31-138] Pushed 0 inverter(s) to 0 load pin(s).
Netlist sorting complete. Time (s): cpu = 00:00:00 ; elapsed = 00:00:00.001 . Memory (MB): peak = 1103.520 ; gain = 0.000
INFO: [Project 1-111] Unisim Transformation Summary:
No Unisim elements were transformed.

INFO: [Common 17-83] Releasing license: Synthesis
27 Infos, 1 Warnings, 0 Critical Warnings and 0 Errors encountered.
synth_design completed successfully
synth_design: Time (s): cpu = 00:00:43 ; elapsed = 00:00:45 . Memory (MB): peak = 1103.520 ; gain = 86.539
INFO: [Common 17-1381] The checkpoint 'D:/desktop/COD_Labs/Lab2/Lab2_Q3/Lab2_Q3.runs/synth_1/RegFile.dcp' has been generated.
INFO: [runtcl-4] Executing : report_utilization -file RegFile_utilization_synth.rpt -pb RegFile_utilization_synth.pb
INFO: [Common 17-206] Exiting Vivado at Wed Mar 30 21:26:38 2022...
