#-----------------------------------------------------------
# Vivado v2020.2 (64-bit)
# SW Build 3064766 on Wed Nov 18 09:12:45 MST 2020
# IP Build 3064653 on Wed Nov 18 14:17:31 MST 2020
# Start of session at: Sat May 21 11:54:39 2022
# Process ID: 38524
# Current directory: D:/desktop/COD_Labs/Lab5/Lab5_q1
# Command line: vivado.exe -gui_launcher_event rodinguilauncherevent36444 D:\desktop\COD_Labs\Lab5\Lab5_q1\Lab5_q1.xpr
# Log file: D:/desktop/COD_Labs/Lab5/Lab5_q1/vivado.log
# Journal file: D:/desktop/COD_Labs/Lab5/Lab5_q1\vivado.jou
#-----------------------------------------------------------
start_gui
open_project D:/desktop/COD_Labs/Lab5/Lab5_q1/Lab5_q1.xpr
Scanning sources...
Finished scanning sources
INFO: [IP_Flow 19-234] Refreshing IP repositories
INFO: [IP_Flow 19-1704] No user IP repositories specified
INFO: [IP_Flow 19-2313] Loaded Vivado IP repository 'D:/Vivado/Vivado/2020.2/data/ip'.
open_project: Time (s): cpu = 00:00:13 ; elapsed = 00:00:05 . Memory (MB): peak = 1019.742 ; gain = 0.000
update_compile_order -fileset sources_1
exit
INFO: [Common 17-206] Exiting Vivado at Sat May 21 12:05:08 2022...
