#-----------------------------------------------------------
# Vivado v2020.2 (64-bit)
# SW Build 3064766 on Wed Nov 18 09:12:45 MST 2020
# IP Build 3064653 on Wed Nov 18 14:17:31 MST 2020
# Start of session at: Wed Mar 23 16:17:34 2022
# Process ID: 3204
# Current directory: D:/desktop/COD_Labs/Lab1/Lab1_6bit_ALU
# Command line: vivado.exe -gui_launcher_event rodinguilauncherevent25224 D:\desktop\COD_Labs\Lab1\Lab1_6bit_ALU\Lab1_6bit_ALU.xpr
# Log file: D:/desktop/COD_Labs/Lab1/Lab1_6bit_ALU/vivado.log
# Journal file: D:/desktop/COD_Labs/Lab1/Lab1_6bit_ALU\vivado.jou
#-----------------------------------------------------------
start_gui
open_project D:/desktop/COD_Labs/Lab1/Lab1_6bit_ALU/Lab1_6bit_ALU.xpr
WARNING: [filemgmt 56-3] Default IP Output Path : Could not find the directory 'D:/desktop/COD_Labs/Lab1/Lab1_6bit_ALU/Lab1_6bit_ALU.gen/sources_1'.
Scanning sources...
Finished scanning sources
INFO: [IP_Flow 19-234] Refreshing IP repositories
INFO: [IP_Flow 19-1704] No user IP repositories specified
INFO: [Common 17-41] Interrupt caught. Command should exit soon.
INFO: [IP_Flow 19-2313] Loaded Vivado IP repository 'D:/Vivado/Vivado/2020.2/data/ip'.
INFO: [IP_Flow 19-2338] Canceling the changes to the IP catalog. Reverting the catalog back to its previous state.
INFO: [IP_Flow 19-2340] The IP catalog has been returned to its previous state.
INFO: [Common 17-344] 'open_project' was cancelled
exit
INFO: [Common 17-206] Exiting Vivado at Wed Mar 23 16:17:54 2022...
