Copyright 1986-2020 Xilinx, Inc. All Rights Reserved.
--------------------------------------------------------------------------------------------------------------------------------------------------------------------------------
| Tool Version : Vivado v.2020.2 (win64) Build 3064766 Wed Nov 18 09:12:45 MST 2020
| Date         : Wed Apr 13 17:22:33 2022
| Host         : LAPTOP-FR2OG12K running 64-bit major release  (build 9200)
| Command      : report_timing_summary -max_paths 10 -file pdu_timing_summary_routed.rpt -pb pdu_timing_summary_routed.pb -rpx pdu_timing_summary_routed.rpx -warn_on_violation
| Design       : pdu
| Device       : 7a100t-csg324
| Speed File   : -1  PRODUCTION 1.23 2018-06-13
--------------------------------------------------------------------------------------------------------------------------------------------------------------------------------

Timing Summary Report

------------------------------------------------------------------------------------------------
| Timer Settings
| --------------
------------------------------------------------------------------------------------------------

  Enable Multi Corner Analysis               :  Yes
  Enable Pessimism Removal                   :  Yes
  Pessimism Removal Resolution               :  Nearest Common Node
  Enable Input Delay Default Clock           :  No
  Enable Preset / Clear Arcs                 :  No
  Disable Flight Delays                      :  No
  Ignore I/O Paths                           :  No
  Timing Early Launch at Borrowing Latches   :  No
  Borrow Time for Max Delay Exceptions       :  Yes
  Merge Timing Exceptions                    :  Yes

  Corner  Analyze    Analyze    
  Name    Max Paths  Min Paths  
  ------  ---------  ---------  
  Slow    Yes        Yes        
  Fast    Yes        Yes        



check_timing report

Table of Contents
-----------------
1. checking no_clock (2884)
2. checking constant_clock (0)
3. checking pulse_width_clock (0)
4. checking unconstrained_internal_endpoints (3462)
5. checking no_input_delay (22)
6. checking no_output_delay (35)
7. checking multiple_clock (0)
8. checking generated_clocks (0)
9. checking loops (0)
10. checking partial_input_delay (0)
11. checking partial_output_delay (0)
12. checking latch_loops (0)

1. checking no_clock (2884)
---------------------------
 There are 36 register/latch pins with no clock driven by root clock pin: clk (HIGH)

 There are 32 register/latch pins with no clock driven by root clock pin: chk_addr_r_reg[12]/Q (HIGH)

 There are 32 register/latch pins with no clock driven by root clock pin: chk_addr_r_reg[13]/Q (HIGH)

 There are 48 register/latch pins with no clock driven by root clock pin: cnt_clk_r_reg[16]/Q (HIGH)

 There are 573 register/latch pins with no clock driven by root clock pin: cnt_clk_r_reg[1]/Q (HIGH)

 There are 33 register/latch pins with no clock driven by root clock pin: cpu0/Imm0/imm_num_reg[0]/Q (HIGH)

 There are 33 register/latch pins with no clock driven by root clock pin: cpu0/Imm0/imm_num_reg[1]/Q (HIGH)

 There are 33 register/latch pins with no clock driven by root clock pin: cpu0/Imm0/imm_num_reg[2]/Q (HIGH)

 There are 33 register/latch pins with no clock driven by root clock pin: cpu0/Imm0/imm_num_reg[3]/Q (HIGH)

 There are 33 register/latch pins with no clock driven by root clock pin: cpu0/Imm0/imm_num_reg[4]/Q (HIGH)

 There are 33 register/latch pins with no clock driven by root clock pin: cpu0/Imm0/imm_num_reg[7]/Q (HIGH)

 There are 33 register/latch pins with no clock driven by root clock pin: cpu0/Imm0/imm_num_reg[8]/Q (HIGH)

 There are 33 register/latch pins with no clock driven by root clock pin: cpu0/Registers_reg[10][0]/Q (HIGH)

 There is 1 register/latch pin with no clock driven by root clock pin: cpu0/Registers_reg[10][10]/Q (HIGH)

 There is 1 register/latch pin with no clock driven by root clock pin: cpu0/Registers_reg[10][11]/Q (HIGH)

 There is 1 register/latch pin with no clock driven by root clock pin: cpu0/Registers_reg[10][12]/Q (HIGH)

 There is 1 register/latch pin with no clock driven by root clock pin: cpu0/Registers_reg[10][13]/Q (HIGH)

 There is 1 register/latch pin with no clock driven by root clock pin: cpu0/Registers_reg[10][14]/Q (HIGH)

 There is 1 register/latch pin with no clock driven by root clock pin: cpu0/Registers_reg[10][15]/Q (HIGH)

 There is 1 register/latch pin with no clock driven by root clock pin: cpu0/Registers_reg[10][16]/Q (HIGH)

 There is 1 register/latch pin with no clock driven by root clock pin: cpu0/Registers_reg[10][17]/Q (HIGH)

 There is 1 register/latch pin with no clock driven by root clock pin: cpu0/Registers_reg[10][18]/Q (HIGH)

 There is 1 register/latch pin with no clock driven by root clock pin: cpu0/Registers_reg[10][19]/Q (HIGH)

 There are 33 register/latch pins with no clock driven by root clock pin: cpu0/Registers_reg[10][1]/Q (HIGH)

 There is 1 register/latch pin with no clock driven by root clock pin: cpu0/Registers_reg[10][20]/Q (HIGH)

 There is 1 register/latch pin with no clock driven by root clock pin: cpu0/Registers_reg[10][21]/Q (HIGH)

 There is 1 register/latch pin with no clock driven by root clock pin: cpu0/Registers_reg[10][22]/Q (HIGH)

 There is 1 register/latch pin with no clock driven by root clock pin: cpu0/Registers_reg[10][23]/Q (HIGH)

 There is 1 register/latch pin with no clock driven by root clock pin: cpu0/Registers_reg[10][24]/Q (HIGH)

 There is 1 register/latch pin with no clock driven by root clock pin: cpu0/Registers_reg[10][25]/Q (HIGH)

 There is 1 register/latch pin with no clock driven by root clock pin: cpu0/Registers_reg[10][26]/Q (HIGH)

 There is 1 register/latch pin with no clock driven by root clock pin: cpu0/Registers_reg[10][27]/Q (HIGH)

 There is 1 register/latch pin with no clock driven by root clock pin: cpu0/Registers_reg[10][28]/Q (HIGH)

 There is 1 register/latch pin with no clock driven by root clock pin: cpu0/Registers_reg[10][29]/Q (HIGH)

 There are 33 register/latch pins with no clock driven by root clock pin: cpu0/Registers_reg[10][2]/Q (HIGH)

 There is 1 register/latch pin with no clock driven by root clock pin: cpu0/Registers_reg[10][30]/Q (HIGH)

 There is 1 register/latch pin with no clock driven by root clock pin: cpu0/Registers_reg[10][31]/Q (HIGH)

 There are 33 register/latch pins with no clock driven by root clock pin: cpu0/Registers_reg[10][3]/Q (HIGH)

 There are 33 register/latch pins with no clock driven by root clock pin: cpu0/Registers_reg[10][4]/Q (HIGH)

 There are 33 register/latch pins with no clock driven by root clock pin: cpu0/Registers_reg[10][5]/Q (HIGH)

 There are 33 register/latch pins with no clock driven by root clock pin: cpu0/Registers_reg[10][6]/Q (HIGH)

 There are 33 register/latch pins with no clock driven by root clock pin: cpu0/Registers_reg[10][7]/Q (HIGH)

 There are 33 register/latch pins with no clock driven by root clock pin: cpu0/Registers_reg[10][8]/Q (HIGH)

 There is 1 register/latch pin with no clock driven by root clock pin: cpu0/Registers_reg[10][9]/Q (HIGH)

 There are 33 register/latch pins with no clock driven by root clock pin: cpu0/Registers_reg[2][0]/Q (HIGH)

 There is 1 register/latch pin with no clock driven by root clock pin: cpu0/Registers_reg[2][10]/Q (HIGH)

 There is 1 register/latch pin with no clock driven by root clock pin: cpu0/Registers_reg[2][11]/Q (HIGH)

 There is 1 register/latch pin with no clock driven by root clock pin: cpu0/Registers_reg[2][12]/Q (HIGH)

 There is 1 register/latch pin with no clock driven by root clock pin: cpu0/Registers_reg[2][13]/Q (HIGH)

 There is 1 register/latch pin with no clock driven by root clock pin: cpu0/Registers_reg[2][14]/Q (HIGH)

 There is 1 register/latch pin with no clock driven by root clock pin: cpu0/Registers_reg[2][15]/Q (HIGH)

 There is 1 register/latch pin with no clock driven by root clock pin: cpu0/Registers_reg[2][16]/Q (HIGH)

 There is 1 register/latch pin with no clock driven by root clock pin: cpu0/Registers_reg[2][17]/Q (HIGH)

 There is 1 register/latch pin with no clock driven by root clock pin: cpu0/Registers_reg[2][18]/Q (HIGH)

 There is 1 register/latch pin with no clock driven by root clock pin: cpu0/Registers_reg[2][19]/Q (HIGH)

 There are 33 register/latch pins with no clock driven by root clock pin: cpu0/Registers_reg[2][1]/Q (HIGH)

 There is 1 register/latch pin with no clock driven by root clock pin: cpu0/Registers_reg[2][20]/Q (HIGH)

 There is 1 register/latch pin with no clock driven by root clock pin: cpu0/Registers_reg[2][21]/Q (HIGH)

 There is 1 register/latch pin with no clock driven by root clock pin: cpu0/Registers_reg[2][22]/Q (HIGH)

 There is 1 register/latch pin with no clock driven by root clock pin: cpu0/Registers_reg[2][23]/Q (HIGH)

 There is 1 register/latch pin with no clock driven by root clock pin: cpu0/Registers_reg[2][24]/Q (HIGH)

 There is 1 register/latch pin with no clock driven by root clock pin: cpu0/Registers_reg[2][25]/Q (HIGH)

 There is 1 register/latch pin with no clock driven by root clock pin: cpu0/Registers_reg[2][26]/Q (HIGH)

 There is 1 register/latch pin with no clock driven by root clock pin: cpu0/Registers_reg[2][27]/Q (HIGH)

 There is 1 register/latch pin with no clock driven by root clock pin: cpu0/Registers_reg[2][28]/Q (HIGH)

 There is 1 register/latch pin with no clock driven by root clock pin: cpu0/Registers_reg[2][29]/Q (HIGH)

 There are 33 register/latch pins with no clock driven by root clock pin: cpu0/Registers_reg[2][2]/Q (HIGH)

 There is 1 register/latch pin with no clock driven by root clock pin: cpu0/Registers_reg[2][30]/Q (HIGH)

 There is 1 register/latch pin with no clock driven by root clock pin: cpu0/Registers_reg[2][31]/Q (HIGH)

 There are 33 register/latch pins with no clock driven by root clock pin: cpu0/Registers_reg[2][3]/Q (HIGH)

 There are 33 register/latch pins with no clock driven by root clock pin: cpu0/Registers_reg[2][4]/Q (HIGH)

 There are 33 register/latch pins with no clock driven by root clock pin: cpu0/Registers_reg[2][5]/Q (HIGH)

 There are 33 register/latch pins with no clock driven by root clock pin: cpu0/Registers_reg[2][6]/Q (HIGH)

 There are 33 register/latch pins with no clock driven by root clock pin: cpu0/Registers_reg[2][7]/Q (HIGH)

 There are 33 register/latch pins with no clock driven by root clock pin: cpu0/Registers_reg[2][8]/Q (HIGH)

 There is 1 register/latch pin with no clock driven by root clock pin: cpu0/Registers_reg[2][9]/Q (HIGH)

 There are 33 register/latch pins with no clock driven by root clock pin: cpu0/Registers_reg[8][0]/Q (HIGH)

 There is 1 register/latch pin with no clock driven by root clock pin: cpu0/Registers_reg[8][10]/Q (HIGH)

 There is 1 register/latch pin with no clock driven by root clock pin: cpu0/Registers_reg[8][11]/Q (HIGH)

 There is 1 register/latch pin with no clock driven by root clock pin: cpu0/Registers_reg[8][12]/Q (HIGH)

 There is 1 register/latch pin with no clock driven by root clock pin: cpu0/Registers_reg[8][13]/Q (HIGH)

 There is 1 register/latch pin with no clock driven by root clock pin: cpu0/Registers_reg[8][14]/Q (HIGH)

 There is 1 register/latch pin with no clock driven by root clock pin: cpu0/Registers_reg[8][15]/Q (HIGH)

 There is 1 register/latch pin with no clock driven by root clock pin: cpu0/Registers_reg[8][16]/Q (HIGH)

 There is 1 register/latch pin with no clock driven by root clock pin: cpu0/Registers_reg[8][17]/Q (HIGH)

 There is 1 register/latch pin with no clock driven by root clock pin: cpu0/Registers_reg[8][18]/Q (HIGH)

 There is 1 register/latch pin with no clock driven by root clock pin: cpu0/Registers_reg[8][19]/Q (HIGH)

 There are 33 register/latch pins with no clock driven by root clock pin: cpu0/Registers_reg[8][1]/Q (HIGH)

 There is 1 register/latch pin with no clock driven by root clock pin: cpu0/Registers_reg[8][20]/Q (HIGH)

 There is 1 register/latch pin with no clock driven by root clock pin: cpu0/Registers_reg[8][21]/Q (HIGH)

 There is 1 register/latch pin with no clock driven by root clock pin: cpu0/Registers_reg[8][22]/Q (HIGH)

 There is 1 register/latch pin with no clock driven by root clock pin: cpu0/Registers_reg[8][23]/Q (HIGH)

 There is 1 register/latch pin with no clock driven by root clock pin: cpu0/Registers_reg[8][24]/Q (HIGH)

 There is 1 register/latch pin with no clock driven by root clock pin: cpu0/Registers_reg[8][25]/Q (HIGH)

 There is 1 register/latch pin with no clock driven by root clock pin: cpu0/Registers_reg[8][26]/Q (HIGH)

 There is 1 register/latch pin with no clock driven by root clock pin: cpu0/Registers_reg[8][27]/Q (HIGH)

 There is 1 register/latch pin with no clock driven by root clock pin: cpu0/Registers_reg[8][28]/Q (HIGH)

 There is 1 register/latch pin with no clock driven by root clock pin: cpu0/Registers_reg[8][29]/Q (HIGH)

 There are 33 register/latch pins with no clock driven by root clock pin: cpu0/Registers_reg[8][2]/Q (HIGH)

 There is 1 register/latch pin with no clock driven by root clock pin: cpu0/Registers_reg[8][30]/Q (HIGH)

 There is 1 register/latch pin with no clock driven by root clock pin: cpu0/Registers_reg[8][31]/Q (HIGH)

 There are 33 register/latch pins with no clock driven by root clock pin: cpu0/Registers_reg[8][3]/Q (HIGH)

 There are 33 register/latch pins with no clock driven by root clock pin: cpu0/Registers_reg[8][4]/Q (HIGH)

 There are 33 register/latch pins with no clock driven by root clock pin: cpu0/Registers_reg[8][5]/Q (HIGH)

 There are 33 register/latch pins with no clock driven by root clock pin: cpu0/Registers_reg[8][6]/Q (HIGH)

 There are 33 register/latch pins with no clock driven by root clock pin: cpu0/Registers_reg[8][7]/Q (HIGH)

 There are 33 register/latch pins with no clock driven by root clock pin: cpu0/Registers_reg[8][8]/Q (HIGH)

 There is 1 register/latch pin with no clock driven by root clock pin: cpu0/Registers_reg[8][9]/Q (HIGH)

 There are 73 register/latch pins with no clock driven by root clock pin: cpu0/cur_pc_reg[2]/Q (HIGH)

 There are 73 register/latch pins with no clock driven by root clock pin: cpu0/cur_pc_reg[3]/Q (HIGH)

 There are 73 register/latch pins with no clock driven by root clock pin: cpu0/cur_pc_reg[4]/Q (HIGH)

 There are 73 register/latch pins with no clock driven by root clock pin: cpu0/cur_pc_reg[5]/Q (HIGH)

 There are 73 register/latch pins with no clock driven by root clock pin: cpu0/cur_pc_reg[6]/Q (HIGH)

 There are 73 register/latch pins with no clock driven by root clock pin: cpu0/cur_pc_reg[7]/Q (HIGH)

 There are 73 register/latch pins with no clock driven by root clock pin: cpu0/cur_pc_reg[8]/Q (HIGH)

 There are 73 register/latch pins with no clock driven by root clock pin: cpu0/cur_pc_reg[9]/Q (HIGH)

 There are 388 register/latch pins with no clock driven by root clock pin: stop_n_reg/Q (HIGH)


2. checking constant_clock (0)
------------------------------
 There are 0 register/latch pins with constant_clock.


3. checking pulse_width_clock (0)
---------------------------------
 There are 0 register/latch pins which need pulse_width check


4. checking unconstrained_internal_endpoints (3462)
---------------------------------------------------
 There are 3462 pins that are not constrained for maximum delay. (HIGH)

 There are 0 pins that are not constrained for maximum delay due to constant clock.


5. checking no_input_delay (22)
-------------------------------
 There are 22 input ports with no input delay specified. (HIGH)

 There are 0 input ports with no input delay but user has a false path constraint.


6. checking no_output_delay (35)
--------------------------------
 There are 35 ports with no output delay specified. (HIGH)

 There are 0 ports with no output delay but user has a false path constraint

 There are 0 ports with no output delay but with a timing clock defined on it or propagating through it


7. checking multiple_clock (0)
------------------------------
 There are 0 register/latch pins with multiple clocks.


8. checking generated_clocks (0)
--------------------------------
 There are 0 generated clocks that are not connected to a clock source.


9. checking loops (0)
---------------------
 There are 0 combinational loops in the design.


10. checking partial_input_delay (0)
------------------------------------
 There are 0 input ports with partial input delay specified.


11. checking partial_output_delay (0)
-------------------------------------
 There are 0 ports with partial output delay specified.


12. checking latch_loops (0)
----------------------------
 There are 0 combinational latch loops in the design through latch input



------------------------------------------------------------------------------------------------
| Design Timing Summary
| ---------------------
------------------------------------------------------------------------------------------------

    WNS(ns)      TNS(ns)  TNS Failing Endpoints  TNS Total Endpoints      WHS(ns)      THS(ns)  THS Failing Endpoints  THS Total Endpoints     WPWS(ns)     TPWS(ns)  TPWS Failing Endpoints  TPWS Total Endpoints  
    -------      -------  ---------------------  -------------------      -------      -------  ---------------------  -------------------     --------     --------  ----------------------  --------------------  
         NA           NA                     NA                   NA           NA           NA                     NA                   NA           NA           NA                      NA                    NA  


There are no user specified timing constraints.


------------------------------------------------------------------------------------------------
| Clock Summary
| -------------
------------------------------------------------------------------------------------------------


------------------------------------------------------------------------------------------------
| Intra Clock Table
| -----------------
------------------------------------------------------------------------------------------------

Clock             WNS(ns)      TNS(ns)  TNS Failing Endpoints  TNS Total Endpoints      WHS(ns)      THS(ns)  THS Failing Endpoints  THS Total Endpoints     WPWS(ns)     TPWS(ns)  TPWS Failing Endpoints  TPWS Total Endpoints  
-----             -------      -------  ---------------------  -------------------      -------      -------  ---------------------  -------------------     --------     --------  ----------------------  --------------------  


------------------------------------------------------------------------------------------------
| Inter Clock Table
| -----------------
------------------------------------------------------------------------------------------------

From Clock    To Clock          WNS(ns)      TNS(ns)  TNS Failing Endpoints  TNS Total Endpoints      WHS(ns)      THS(ns)  THS Failing Endpoints  THS Total Endpoints  
----------    --------          -------      -------  ---------------------  -------------------      -------      -------  ---------------------  -------------------  


------------------------------------------------------------------------------------------------
| Other Path Groups Table
| -----------------------
------------------------------------------------------------------------------------------------

Path Group    From Clock    To Clock          WNS(ns)      TNS(ns)  TNS Failing Endpoints  TNS Total Endpoints      WHS(ns)      THS(ns)  THS Failing Endpoints  THS Total Endpoints  
----------    ----------    --------          -------      -------  ---------------------  -------------------      -------      -------  ---------------------  -------------------  


------------------------------------------------------------------------------------------------
| Timing Details
| --------------
------------------------------------------------------------------------------------------------


