#-----------------------------------------------------------
# Vivado v2020.2 (64-bit)
# SW Build 3064766 on Wed Nov 18 09:12:45 MST 2020
# IP Build 3064653 on Wed Nov 18 14:17:31 MST 2020
# Start of session at: Wed Mar 30 21:05:05 2022
# Process ID: 25672
# Current directory: D:/desktop/COD_Labs/Lab2/Lab2_Q4_1
# Command line: vivado.exe -gui_launcher_event rodinguilauncherevent35824 D:\desktop\COD_Labs\Lab2\Lab2_Q4_1\Lab2_Q3.xpr
# Log file: D:/desktop/COD_Labs/Lab2/Lab2_Q4_1/vivado.log
# Journal file: D:/desktop/COD_Labs/Lab2/Lab2_Q4_1\vivado.jou
#-----------------------------------------------------------
start_gui
open_project D:/desktop/COD_Labs/Lab2/Lab2_Q4_1/Lab2_Q3.xpr
Scanning sources...
Finished scanning sources
INFO: [IP_Flow 19-234] Refreshing IP repositories
INFO: [IP_Flow 19-1704] No user IP repositories specified
INFO: [IP_Flow 19-2313] Loaded Vivado IP repository 'D:/Vivado/Vivado/2020.2/data/ip'.
update_compile_order -fileset sources_1
open_hw_manager
connect_hw_server -allow_non_jtag
INFO: [Labtools 27-2285] Connecting to hw_server url TCP:localhost:3121
INFO: [Labtools 27-3415] Connecting to cs_server url TCP:localhost:3042
INFO: [Labtools 27-3414] Connected to existing cs_server.
open_hw_target
INFO: [Labtoolstcl 44-466] Opening hw_target localhost:3121/xilinx_tcf/Digilent/210292ABF75DA
set_property PROGRAM.FILE {D:/desktop/COD_Labs/Lab2/Lab2_Q4_1/Lab2_Q3.runs/impl_1/RegFile.bit} [get_hw_devices xc7a100t_0]
current_hw_device [get_hw_devices xc7a100t_0]
refresh_hw_device -update_hw_probes false [lindex [get_hw_devices xc7a100t_0] 0]
INFO: [Labtools 27-1434] Device xc7a100t (JTAG device index = 0) is programmed with a design that has no supported debug core(s) in it.
set_property PROBES.FILE {} [get_hw_devices xc7a100t_0]
set_property FULL_PROBES.FILE {} [get_hw_devices xc7a100t_0]
set_property PROGRAM.FILE {D:/desktop/COD_Labs/Lab2/Lab2_Q4_1/Lab2_Q3.runs/impl_1/RegFile.bit} [get_hw_devices xc7a100t_0]
program_hw_devices [get_hw_devices xc7a100t_0]
INFO: [Labtools 27-3164] End of startup status: HIGH
refresh_hw_device [lindex [get_hw_devices xc7a100t_0] 0]
INFO: [Labtools 27-1434] Device xc7a100t (JTAG device index = 0) is programmed with a design that has no supported debug core(s) in it.
ERROR: [Labtoolstcl 44-513] HW Target shutdown. Closing target: localhost:3121/xilinx_tcf/Digilent/210292ABF75DA
exit
INFO: [Common 17-206] Exiting Vivado at Wed Mar 30 21:21:39 2022...
