#-----------------------------------------------------------
# Vivado v2020.2 (64-bit)
# SW Build 3064766 on Wed Nov 18 09:12:45 MST 2020
# IP Build 3064653 on Wed Nov 18 14:17:31 MST 2020
# Start of session at: Wed Mar 30 16:50:23 2022
# Process ID: 25988
# Current directory: D:/desktop/COD_Labs/Lab2/Lab2_Q4_1
# Command line: vivado.exe -gui_launcher_event rodinguilauncherevent33100 D:\desktop\COD_Labs\Lab2\Lab2_Q4_1\Lab2_Q3.xpr
# Log file: D:/desktop/COD_Labs/Lab2/Lab2_Q4_1/vivado.log
# Journal file: D:/desktop/COD_Labs/Lab2/Lab2_Q4_1\vivado.jou
#-----------------------------------------------------------
start_gui
open_project D:/desktop/COD_Labs/Lab2/Lab2_Q4_1/Lab2_Q3.xpr
INFO: [Project 1-313] Project file moved from 'D:/desktop/COD_Labs/Lab2/Lab2_Q3' since last save.
Scanning sources...
Finished scanning sources
INFO: [IP_Flow 19-234] Refreshing IP repositories
INFO: [IP_Flow 19-1704] No user IP repositories specified
INFO: [IP_Flow 19-2313] Loaded Vivado IP repository 'D:/Vivado/Vivado/2020.2/data/ip'.
update_compile_order -fileset sources_1
set_property -dict [list CONFIG.depth {4096}] [get_ips dist_mem_gen_0]
generate_target all [get_files  D:/desktop/COD_Labs/Lab2/Lab2_Q4_1/Lab2_Q3.srcs/sources_1/ip/dist_mem_gen_0/dist_mem_gen_0.xci]
INFO: [IP_Flow 19-1686] Generating 'Instantiation Template' target for IP 'dist_mem_gen_0'...
INFO: [IP_Flow 19-1686] Generating 'Synthesis' target for IP 'dist_mem_gen_0'...
INFO: [IP_Flow 19-1686] Generating 'Simulation' target for IP 'dist_mem_gen_0'...
INFO: [IP_Flow 19-1686] Generating 'Change Log' target for IP 'dist_mem_gen_0'...
catch { config_ip_cache -export [get_ips -all dist_mem_gen_0] }
export_ip_user_files -of_objects [get_files D:/desktop/COD_Labs/Lab2/Lab2_Q4_1/Lab2_Q3.srcs/sources_1/ip/dist_mem_gen_0/dist_mem_gen_0.xci] -no_script -sync -force -quiet
reset_run dist_mem_gen_0_synth_1
launch_runs dist_mem_gen_0_synth_1 -jobs 4
[Wed Mar 30 16:52:27 2022] Launched dist_mem_gen_0_synth_1...
Run output will be captured here: D:/desktop/COD_Labs/Lab2/Lab2_Q4_1/Lab2_Q3.runs/dist_mem_gen_0_synth_1/runme.log
export_simulation -of_objects [get_files D:/desktop/COD_Labs/Lab2/Lab2_Q4_1/Lab2_Q3.srcs/sources_1/ip/dist_mem_gen_0/dist_mem_gen_0.xci] -directory D:/desktop/COD_Labs/Lab2/Lab2_Q4_1/Lab2_Q3.ip_user_files/sim_scripts -ip_user_files_dir D:/desktop/COD_Labs/Lab2/Lab2_Q4_1/Lab2_Q3.ip_user_files -ipstatic_source_dir D:/desktop/COD_Labs/Lab2/Lab2_Q4_1/Lab2_Q3.ip_user_files/ipstatic -lib_map_path [list {modelsim=D:/desktop/COD_Labs/Lab2/Lab2_Q4_1/Lab2_Q3.cache/compile_simlib/modelsim} {questa=D:/desktop/COD_Labs/Lab2/Lab2_Q4_1/Lab2_Q3.cache/compile_simlib/questa} {riviera=D:/desktop/COD_Labs/Lab2/Lab2_Q4_1/Lab2_Q3.cache/compile_simlib/riviera} {activehdl=D:/desktop/COD_Labs/Lab2/Lab2_Q4_1/Lab2_Q3.cache/compile_simlib/activehdl}] -use_ip_compiled_libs -force -quiet
reset_run synth_1
launch_runs impl_1 -to_step write_bitstream -jobs 4
[Wed Mar 30 16:57:58 2022] Launched synth_1...
Run output will be captured here: D:/desktop/COD_Labs/Lab2/Lab2_Q4_1/Lab2_Q3.runs/synth_1/runme.log
[Wed Mar 30 16:57:58 2022] Launched impl_1...
Run output will be captured here: D:/desktop/COD_Labs/Lab2/Lab2_Q4_1/Lab2_Q3.runs/impl_1/runme.log
exit
INFO: [Common 17-206] Exiting Vivado at Wed Mar 30 17:03:51 2022...
