#-----------------------------------------------------------
# Vivado v2020.2 (64-bit)
# SW Build 3064766 on Wed Nov 18 09:12:45 MST 2020
# IP Build 3064653 on Wed Nov 18 14:17:31 MST 2020
# Start of session at: Wed Mar 23 20:43:28 2022
# Process ID: 60672
# Current directory: D:/desktop/COD_Labs/Lab1/Lab1_ALU
# Command line: vivado.exe -gui_launcher_event rodinguilauncherevent39388 D:\desktop\COD_Labs\Lab1\Lab1_ALU\Lab1_ALU.xpr
# Log file: D:/desktop/COD_Labs/Lab1/Lab1_ALU/vivado.log
# Journal file: D:/desktop/COD_Labs/Lab1/Lab1_ALU\vivado.jou
#-----------------------------------------------------------
start_gui
open_project D:/desktop/COD_Labs/Lab1/Lab1_ALU/Lab1_ALU.xpr
WARNING: [filemgmt 56-3] Default IP Output Path : Could not find the directory 'D:/desktop/COD_Labs/Lab1/Lab1_ALU/Lab1_ALU.gen/sources_1'.
Scanning sources...
Finished scanning sources
INFO: [IP_Flow 19-234] Refreshing IP repositories
INFO: [IP_Flow 19-1704] No user IP repositories specified
INFO: [IP_Flow 19-2313] Loaded Vivado IP repository 'D:/Vivado/Vivado/2020.2/data/ip'.
open_project: Time (s): cpu = 00:00:27 ; elapsed = 00:00:13 . Memory (MB): peak = 1017.770 ; gain = 0.000
update_compile_order -fileset sources_1
exit
INFO: [Common 17-206] Exiting Vivado at Wed Mar 23 21:33:05 2022...
